<?xml version="1.0" encoding="UTF-8"?>
<testsuite xmlns:xsi="http://www.w3.org/2001/XMLSchema-instance" xsi:noNamespaceSchemaLocation="https://maven.apache.org/surefire/maven-surefire-plugin/xsd/surefire-test-report.xsd" name="TestSuite" time="3.363" tests="42" errors="0" skipped="41" failures="1">
  <properties>
[...]
</properties>
  <testcase name="setup" classname="org.hhp.testCases.HeaderTest" time="2.252">
    <failure message="The driver executable does not exist: C:\Eclipse Workspace\HHP-AutomationTesting\hhp\Eclipse WorkspaceHHP-AutomationTestinghhpDriverschromedriver.exe" type="java.lang.IllegalStateException">java.lang.IllegalStateException: The driver executable does not exist: C:\Eclipse Workspace\HHP-AutomationTesting\hhp\Eclipse WorkspaceHHP-AutomationTestinghhpDriverschromedriver.exe
</failure>
  </testcase>
  <testcase name="headerSetup" classname="org.hhp.testCases.HeaderTest" time="0">
    <skipped message="The driver executable does not exist: C:\Eclipse Workspace\HHP-AutomationTesting\hhp\Eclipse WorkspaceHHP-AutomationTestinghhpDriverschromedriver.exe"/>
  </testcase>
  <testcase name="verifyHowToHelpMenu" classname="org.hhp.testCases.HeaderTest" time="0">
    <skipped message="Method HeaderTest.verifyHowToHelpMenu()[pri:0, instance:org.hhp.testCases.HeaderTest@6f96c77] depends on not successfully finished methods"/>
  </testcase>
  <testcase name="verifyLoginBtn" classname="org.hhp.testCases.HeaderTest" time="0">
    <skipped message="Method HeaderTest.verifyLoginBtn()[pri:0, instance:org.hhp.testCases.HeaderTest@6f96c77] depends on not successfully finished methods"/>
  </testcase>
  <testcase name="verifyLogo" classname="org.hhp.testCases.HeaderTest" time="0">
    <skipped message="Method HeaderTest.verifyLogo()[pri:0, instance:org.hhp.testCases.HeaderTest@6f96c77] depends on not successfully finished methods"/>
  </testcase>
  <testcase name="verifyMedDisLnk" classname="org.hhp.testCases.HeaderTest" time="0">
    <skipped message="Method HeaderTest.verifyMedDisLnk()[pri:0, instance:org.hhp.testCases.HeaderTest@6f96c77] depends on not successfully finished methods"/>
  </testcase>
  <testcase name="verifyNewsMenu" classname="org.hhp.testCases.HeaderTest" time="0">
    <skipped message="Method HeaderTest.verifyNewsMenu()[pri:0, instance:org.hhp.testCases.HeaderTest@6f96c77] depends on not successfully finished methods"/>
  </testcase>
  <testcase name="verifyWhatWeDoLnk" classname="org.hhp.testCases.HeaderTest" time="0">
    <skipped message="Method HeaderTest.verifyWhatWeDoLnk()[pri:0, instance:org.hhp.testCases.HeaderTest@6f96c77] depends on not successfully finished methods"/>
  </testcase>
  <testcase name="verifyWhoWeAreLnk" classname="org.hhp.testCases.HeaderTest" time="0">
    <skipped message="Method HeaderTest.verifyWhoWeAreLnk()[pri:0, instance:org.hhp.testCases.HeaderTest@6f96c77] depends on not successfully finished methods"/>
  </testcase>
  <testcase name="verifyWhyHHPMenu" classname="org.hhp.testCases.HeaderTest" time="0">
    <skipped message="Method HeaderTest.verifyWhyHHPMenu()[pri:0, instance:org.hhp.testCases.HeaderTest@6f96c77] depends on not successfully finished methods"/>
  </testcase>
  <testcase name="logoClickTest" classname="org.hhp.testCases.HeaderTest" time="0">
    <skipped message="Method HeaderTest.logoClickTest()[pri:0, instance:org.hhp.testCases.HeaderTest@6f96c77] depends on not successfully finished methods"/>
  </testcase>
  <testcase name="donatePageSetup" classname="org.hhp.testCases.TC_DonatePageTest_003" time="0">
    <skipped message="The driver executable does not exist: C:\Eclipse Workspace\HHP-AutomationTesting\hhp\Eclipse WorkspaceHHP-AutomationTestinghhpDriverschromedriver.exe"/>
  </testcase>
  <testcase name="verify_Education_Image" classname="org.hhp.testCases.TC_DonatePageTest_003" time="0">
    <skipped message="Method TC_DonatePageTest_003.verify_Education_Image()[pri:0, instance:org.hhp.testCases.TC_DonatePageTest_003@418e7838] depends on not successfully finished methods"/>
  </testcase>
  <testcase name="verify_Education_Text" classname="org.hhp.testCases.TC_DonatePageTest_003" time="0">
    <skipped message="Method TC_DonatePageTest_003.verify_Education_Text()[pri:0, instance:org.hhp.testCases.TC_DonatePageTest_003@418e7838] depends on not successfully finished methods"/>
  </testcase>
  <testcase name="verify_Equality_Image" classname="org.hhp.testCases.TC_DonatePageTest_003" time="0">
    <skipped message="Method TC_DonatePageTest_003.verify_Equality_Image()[pri:0, instance:org.hhp.testCases.TC_DonatePageTest_003@418e7838] depends on not successfully finished methods"/>
  </testcase>
  <testcase name="verify_GiveToday_Btn" classname="org.hhp.testCases.TC_DonatePageTest_003" time="0">
    <skipped message="Method TC_DonatePageTest_003.verify_GiveToday_Btn()[pri:0, instance:org.hhp.testCases.TC_DonatePageTest_003@418e7838] depends on not successfully finished methods"/>
  </testcase>
  <testcase name="verify_GiveToday_Image" classname="org.hhp.testCases.TC_DonatePageTest_003" time="0">
    <skipped message="Method TC_DonatePageTest_003.verify_GiveToday_Image()[pri:0, instance:org.hhp.testCases.TC_DonatePageTest_003@418e7838] depends on not successfully finished methods"/>
  </testcase>
  <testcase name="verify_Information_Image" classname="org.hhp.testCases.TC_DonatePageTest_003" time="0">
    <skipped message="Method TC_DonatePageTest_003.verify_Information_Image()[pri:0, instance:org.hhp.testCases.TC_DonatePageTest_003@418e7838] depends on not successfully finished methods"/>
  </testcase>
  <testcase name="verify_Information_Text" classname="org.hhp.testCases.TC_DonatePageTest_003" time="0">
    <skipped message="Method TC_DonatePageTest_003.verify_Information_Text()[pri:0, instance:org.hhp.testCases.TC_DonatePageTest_003@418e7838] depends on not successfully finished methods"/>
  </testcase>
  <testcase name="verify_Row1_Column1_Text1" classname="org.hhp.testCases.TC_DonatePageTest_003" time="0">
    <skipped message="Method TC_DonatePageTest_003.verify_Row1_Column1_Text1()[pri:0, instance:org.hhp.testCases.TC_DonatePageTest_003@418e7838] depends on not successfully finished methods"/>
  </testcase>
  <testcase name="verify_Row1_Column1_Text2" classname="org.hhp.testCases.TC_DonatePageTest_003" time="0">
    <skipped message="Method TC_DonatePageTest_003.verify_Row1_Column1_Text2()[pri:0, instance:org.hhp.testCases.TC_DonatePageTest_003@418e7838] depends on not successfully finished methods"/>
  </testcase>
  <testcase name="verify_Row3_Text" classname="org.hhp.testCases.TC_DonatePageTest_003" time="0">
    <skipped message="Method TC_DonatePageTest_003.verify_Row3_Text()[pri:0, instance:org.hhp.testCases.TC_DonatePageTest_003@418e7838] depends on not successfully finished methods"/>
  </testcase>
  <testcase name="verify_Support_Image" classname="org.hhp.testCases.TC_DonatePageTest_003" time="0">
    <skipped message="Method TC_DonatePageTest_003.verify_Support_Image()[pri:0, instance:org.hhp.testCases.TC_DonatePageTest_003@418e7838] depends on not successfully finished methods"/>
  </testcase>
  <testcase name="verify_Support_Text" classname="org.hhp.testCases.TC_DonatePageTest_003" time="0">
    <skipped message="Method TC_DonatePageTest_003.verify_Support_Text()[pri:0, instance:org.hhp.testCases.TC_DonatePageTest_003@418e7838] depends on not successfully finished methods"/>
  </testcase>
  <testcase name="footer_Setup" classname="org.hhp.testCases.FooterTest" time="0">
    <skipped message="The driver executable does not exist: C:\Eclipse Workspace\HHP-AutomationTesting\hhp\Eclipse WorkspaceHHP-AutomationTestinghhpDriverschromedriver.exe"/>
  </testcase>
  <testcase name="verify_Footer_Column1_Chart" classname="org.hhp.testCases.FooterTest" time="0">
    <skipped message="Method FooterTest.verify_Footer_Column1_Chart()[pri:0, instance:org.hhp.testCases.FooterTest@61230f6a] depends on not successfully finished methods"/>
  </testcase>
  <testcase name="verify_Footer_Column1_Title" classname="org.hhp.testCases.FooterTest" time="0">
    <skipped message="Method FooterTest.verify_Footer_Column1_Title()[pri:0, instance:org.hhp.testCases.FooterTest@61230f6a] depends on not successfully finished methods"/>
  </testcase>
  <testcase name="verify_Footer_Column2_Text" classname="org.hhp.testCases.FooterTest" time="0">
    <skipped message="Method FooterTest.verify_Footer_Column2_Text()[pri:0, instance:org.hhp.testCases.FooterTest@61230f6a] depends on not successfully finished methods"/>
  </testcase>
  <testcase name="verify_Footer_Column2_Title" classname="org.hhp.testCases.FooterTest" time="0">
    <skipped message="Method FooterTest.verify_Footer_Column2_Title()[pri:0, instance:org.hhp.testCases.FooterTest@61230f6a] depends on not successfully finished methods"/>
  </testcase>
  <testcase name="verify_Footer_Column3_Facebook_Icon" classname="org.hhp.testCases.FooterTest" time="0">
    <skipped message="Method FooterTest.verify_Footer_Column3_Facebook_Icon()[pri:0, instance:org.hhp.testCases.FooterTest@61230f6a] depends on not successfully finished methods"/>
  </testcase>
  <testcase name="verify_Footer_Column3_Instagram_Icon" classname="org.hhp.testCases.FooterTest" time="0">
    <skipped message="Method FooterTest.verify_Footer_Column3_Instagram_Icon()[pri:0, instance:org.hhp.testCases.FooterTest@61230f6a] depends on not successfully finished methods"/>
  </testcase>
  <testcase name="verify_Footer_Column3_LinkedIn_Icon" classname="org.hhp.testCases.FooterTest" time="0">
    <skipped message="Method FooterTest.verify_Footer_Column3_LinkedIn_Icon()[pri:0, instance:org.hhp.testCases.FooterTest@61230f6a] depends on not successfully finished methods"/>
  </testcase>
  <testcase name="verify_Footer_Column3_QLinks_Text" classname="org.hhp.testCases.FooterTest" time="0">
    <skipped message="Method FooterTest.verify_Footer_Column3_QLinks_Text()[pri:0, instance:org.hhp.testCases.FooterTest@61230f6a] depends on not successfully finished methods"/>
  </testcase>
  <testcase name="verify_Footer_Column3_Title" classname="org.hhp.testCases.FooterTest" time="0">
    <skipped message="Method FooterTest.verify_Footer_Column3_Title()[pri:0, instance:org.hhp.testCases.FooterTest@61230f6a] depends on not successfully finished methods"/>
  </testcase>
  <testcase name="verify_Footer_Column3_Twitter_Icon" classname="org.hhp.testCases.FooterTest" time="0">
    <skipped message="Method FooterTest.verify_Footer_Column3_Twitter_Icon()[pri:0, instance:org.hhp.testCases.FooterTest@61230f6a] depends on not successfully finished methods"/>
  </testcase>
  <testcase name="verify_Footer_ContactUs_Link" classname="org.hhp.testCases.FooterTest" time="0">
    <skipped message="Method FooterTest.verify_Footer_ContactUs_Link()[pri:0, instance:org.hhp.testCases.FooterTest@61230f6a] depends on not successfully finished methods"/>
  </testcase>
  <testcase name="verify_Footer_MedicalDisclaimer_Link" classname="org.hhp.testCases.FooterTest" time="0">
    <skipped message="Method FooterTest.verify_Footer_MedicalDisclaimer_Link()[pri:0, instance:org.hhp.testCases.FooterTest@61230f6a] depends on not successfully finished methods"/>
  </testcase>
  <testcase name="verify_Footer_PrivacyPolicy_Link" classname="org.hhp.testCases.FooterTest" time="0">
    <skipped message="Method FooterTest.verify_Footer_PrivacyPolicy_Link()[pri:0, instance:org.hhp.testCases.FooterTest@61230f6a] depends on not successfully finished methods"/>
  </testcase>
  <testcase name="verify_Footer_TermsofService_Link" classname="org.hhp.testCases.FooterTest" time="0">
    <skipped message="Method FooterTest.verify_Footer_TermsofService_Link()[pri:0, instance:org.hhp.testCases.FooterTest@61230f6a] depends on not successfully finished methods"/>
  </testcase>
  <testcase name="verify_Greatnonprofits_Image" classname="org.hhp.testCases.FooterTest" time="0">
    <skipped message="Method FooterTest.verify_Greatnonprofits_Image()[pri:0, instance:org.hhp.testCases.FooterTest@61230f6a] depends on not successfully finished methods"/>
  </testcase>
  <testcase name="verify_Guidestar_Image" classname="org.hhp.testCases.FooterTest" time="0">
    <skipped message="Method FooterTest.verify_Guidestar_Image()[pri:0, instance:org.hhp.testCases.FooterTest@61230f6a] depends on not successfully finished methods"/>
  </testcase>
  <testcase name="tearDown" classname="org.hhp.testCases.HeaderTest" time="0">
    <skipped/>
  </testcase>
</testsuite>