-------------------------------------------------------------------------------
Test set: TestSuite
-------------------------------------------------------------------------------
Tests run: 42, Failures: 1, Errors: 0, Skipped: 41, Time elapsed: 3.363 s <<< FAILURE! - in TestSuite
setup(org.hhp.testCases.HeaderTest)  Time elapsed: 2.252 s  <<< FAILURE!
java.lang.IllegalStateException: The driver executable does not exist: C:\Eclipse Workspace\HHP-AutomationTesting\hhp\Eclipse WorkspaceHHP-AutomationTestinghhpDriverschromedriver.exe

