<?xml version="1.0" encoding="UTF-8"?>
<!-- Generated by org.testng.reporters.JUnitXMLReporter -->
<testsuite ignored="5" hostname="DELL" failures="0" tests="40" name="DonatePageTest" time="0.738" errors="0" timestamp="2022-04-04T16:38:21 GMT-07:00">
  <testcase classname="org.hhp.testCases.BaseClass" name="@BeforeTest setup" time="0.353">
    <failure type="java.lang.IllegalStateException" message="The driver executable does not exist: C:\Eclipse Workspace\HHP-AutomationTesting\hhp\Eclipse WorkspaceHHP-AutomationTestinghhpDriverschromedriver.exe">
      <![CDATA[java.lang.IllegalStateException: The driver executable does not exist: C:\Eclipse Workspace\HHP-AutomationTesting\hhp\Eclipse WorkspaceHHP-AutomationTestinghhpDriverschromedriver.exe
at com.google.common.base.Preconditions.checkState(Preconditions.java:585)
at org.openqa.selenium.remote.service.DriverService.checkExecutable(DriverService.java:137)
at org.openqa.selenium.remote.service.DriverService.findExecutable(DriverService.java:132)
at org.openqa.selenium.chrome.ChromeDriverService.access$000(ChromeDriverService.java:35)
at org.openqa.selenium.chrome.ChromeDriverService$Builder.findDefaultExecutable(ChromeDriverService.java:156)
at org.openqa.selenium.remote.service.DriverService$Builder.build(DriverService.java:346)
at org.openqa.selenium.chrome.ChromeDriverService.createDefaultService(ChromeDriverService.java:91)
at org.openqa.selenium.chrome.ChromeDriver.<init>(ChromeDriver.java:157)
at org.hhp.testCases.BaseClass.setup(BaseClass.java:46)
... Removed 28 stack frames]]>
    </failure>
  </testcase> <!-- @BeforeTest setup -->
  <testcase classname="org.hhp.testCases.BaseClass" name="@AfterTest tearDown" time="-1.649115501605E9">
    <skipped/>
  </testcase> <!-- @AfterTest tearDown -->
  <testcase classname="org.hhp.testCases.HeaderTest" name="headerSetup" time="0.0">
    <skipped/>
  </testcase> <!-- headerSetup -->
  <testcase classname="org.hhp.testCases.HeaderTest" name="verifyHowToHelpMenu" time="0.0">
    <skipped/>
  </testcase> <!-- verifyHowToHelpMenu -->
  <testcase classname="org.hhp.testCases.HeaderTest" name="verifyLoginBtn" time="0.0">
    <skipped/>
  </testcase> <!-- verifyLoginBtn -->
  <testcase classname="org.hhp.testCases.HeaderTest" name="verifyLogo" time="0.0">
    <skipped/>
  </testcase> <!-- verifyLogo -->
  <testcase classname="org.hhp.testCases.HeaderTest" name="verifyMedDisLnk" time="0.0">
    <skipped/>
  </testcase> <!-- verifyMedDisLnk -->
  <testcase classname="org.hhp.testCases.HeaderTest" name="verifyNewsMenu" time="0.0">
    <skipped/>
  </testcase> <!-- verifyNewsMenu -->
  <testcase classname="org.hhp.testCases.HeaderTest" name="verifyWhatWeDoLnk" time="0.0">
    <skipped/>
  </testcase> <!-- verifyWhatWeDoLnk -->
  <testcase classname="org.hhp.testCases.HeaderTest" name="verifyWhoWeAreLnk" time="0.0">
    <skipped/>
  </testcase> <!-- verifyWhoWeAreLnk -->
  <testcase classname="org.hhp.testCases.HeaderTest" name="verifyWhyHHPMenu" time="0.0">
    <skipped/>
  </testcase> <!-- verifyWhyHHPMenu -->
  <testcase classname="org.hhp.testCases.HeaderTest" name="logoClickTest" time="0.0">
    <skipped/>
  </testcase> <!-- logoClickTest -->
  <testcase classname="org.hhp.testCases.TC_DonatePageTest_003" name="donatePageSetup" time="0.0">
    <skipped/>
  </testcase> <!-- donatePageSetup -->
  <testcase classname="org.hhp.testCases.TC_DonatePageTest_003" name="verify_Education_Image" time="0.0">
    <skipped/>
  </testcase> <!-- verify_Education_Image -->
  <testcase classname="org.hhp.testCases.TC_DonatePageTest_003" name="verify_Education_Text" time="0.001">
    <skipped/>
  </testcase> <!-- verify_Education_Text -->
  <testcase classname="org.hhp.testCases.TC_DonatePageTest_003" name="verify_Equality_Image" time="0.0">
    <skipped/>
  </testcase> <!-- verify_Equality_Image -->
  <testcase classname="org.hhp.testCases.TC_DonatePageTest_003" name="verify_GiveToday_Btn" time="0.0">
    <skipped/>
  </testcase> <!-- verify_GiveToday_Btn -->
  <testcase classname="org.hhp.testCases.TC_DonatePageTest_003" name="verify_GiveToday_Image" time="0.0">
    <skipped/>
  </testcase> <!-- verify_GiveToday_Image -->
  <testcase classname="org.hhp.testCases.TC_DonatePageTest_003" name="verify_Information_Image" time="0.0">
    <skipped/>
  </testcase> <!-- verify_Information_Image -->
  <testcase classname="org.hhp.testCases.TC_DonatePageTest_003" name="verify_Information_Text" time="0.0">
    <skipped/>
  </testcase> <!-- verify_Information_Text -->
  <testcase classname="org.hhp.testCases.TC_DonatePageTest_003" name="verify_Row1_Column1_Text1" time="0.0">
    <skipped/>
  </testcase> <!-- verify_Row1_Column1_Text1 -->
  <testcase classname="org.hhp.testCases.TC_DonatePageTest_003" name="verify_Row1_Column1_Text2" time="0.0">
    <skipped/>
  </testcase> <!-- verify_Row1_Column1_Text2 -->
  <testcase classname="org.hhp.testCases.TC_DonatePageTest_003" name="verify_Row3_Text" time="0.0">
    <skipped/>
  </testcase> <!-- verify_Row3_Text -->
  <testcase classname="org.hhp.testCases.TC_DonatePageTest_003" name="verify_Support_Image" time="0.0">
    <skipped/>
  </testcase> <!-- verify_Support_Image -->
  <testcase classname="org.hhp.testCases.TC_DonatePageTest_003" name="verify_Support_Text" time="0.0">
    <skipped/>
  </testcase> <!-- verify_Support_Text -->
  <testcase classname="org.hhp.testCases.FooterTest" name="footer_Setup" time="0.0">
    <skipped/>
  </testcase> <!-- footer_Setup -->
  <testcase classname="org.hhp.testCases.FooterTest" name="verify_Footer_Column1_Chart" time="0.001">
    <skipped/>
  </testcase> <!-- verify_Footer_Column1_Chart -->
  <testcase classname="org.hhp.testCases.FooterTest" name="verify_Footer_Column1_Title" time="0.0">
    <skipped/>
  </testcase> <!-- verify_Footer_Column1_Title -->
  <testcase classname="org.hhp.testCases.FooterTest" name="verify_Footer_Column2_Text" time="0.001">
    <skipped/>
  </testcase> <!-- verify_Footer_Column2_Text -->
  <testcase classname="org.hhp.testCases.FooterTest" name="verify_Footer_Column2_Title" time="0.0">
    <skipped/>
  </testcase> <!-- verify_Footer_Column2_Title -->
  <testcase classname="org.hhp.testCases.FooterTest" name="verify_Footer_Column3_Facebook_Icon" time="0.0">
    <skipped/>
  </testcase> <!-- verify_Footer_Column3_Facebook_Icon -->
  <testcase classname="org.hhp.testCases.FooterTest" name="verify_Footer_Column3_Instagram_Icon" time="0.0">
    <skipped/>
  </testcase> <!-- verify_Footer_Column3_Instagram_Icon -->
  <testcase classname="org.hhp.testCases.FooterTest" name="verify_Footer_Column3_LinkedIn_Icon" time="0.0">
    <skipped/>
  </testcase> <!-- verify_Footer_Column3_LinkedIn_Icon -->
  <testcase classname="org.hhp.testCases.FooterTest" name="verify_Footer_Column3_QLinks_Text" time="0.0">
    <skipped/>
  </testcase> <!-- verify_Footer_Column3_QLinks_Text -->
  <testcase classname="org.hhp.testCases.FooterTest" name="verify_Footer_Column3_Title" time="0.0">
    <skipped/>
  </testcase> <!-- verify_Footer_Column3_Title -->
  <testcase classname="org.hhp.testCases.FooterTest" name="verify_Footer_Column3_Twitter_Icon" time="0.0">
    <skipped/>
  </testcase> <!-- verify_Footer_Column3_Twitter_Icon -->
  <testcase classname="org.hhp.testCases.FooterTest" name="verify_Footer_ContactUs_Link" time="0.0">
    <skipped/>
  </testcase> <!-- verify_Footer_ContactUs_Link -->
  <testcase classname="org.hhp.testCases.FooterTest" name="verify_Footer_MedicalDisclaimer_Link" time="0.0">
    <skipped/>
  </testcase> <!-- verify_Footer_MedicalDisclaimer_Link -->
  <testcase classname="org.hhp.testCases.FooterTest" name="verify_Footer_PrivacyPolicy_Link" time="0.001">
    <skipped/>
  </testcase> <!-- verify_Footer_PrivacyPolicy_Link -->
  <testcase classname="org.hhp.testCases.FooterTest" name="verify_Footer_TermsofService_Link" time="0.0">
    <skipped/>
  </testcase> <!-- verify_Footer_TermsofService_Link -->
  <testcase classname="org.hhp.testCases.FooterTest" name="verify_Greatnonprofits_Image" time="0.0">
    <skipped/>
  </testcase> <!-- verify_Greatnonprofits_Image -->
  <testcase classname="org.hhp.testCases.FooterTest" name="verify_Guidestar_Image" time="0.0">
    <skipped/>
  </testcase> <!-- verify_Guidestar_Image -->
  <testcase classname="org.hhp.testCases.BaseClass" name="@AfterTest tearDown" time="0.0">
    <ignored/>
  </testcase> <!-- @AfterTest tearDown -->
  <testcase classname="org.hhp.testCases.BaseClass" name="@AfterTest tearDown" time="0.0">
    <ignored/>
  </testcase> <!-- @AfterTest tearDown -->
  <testcase classname="org.hhp.testCases.HeaderTest" name="verifyDonateBtn" time="0.0">
    <ignored/>
  </testcase> <!-- verifyDonateBtn -->
  <testcase classname="org.hhp.testCases.BaseClass" name="@BeforeTest setup" time="0.0">
    <ignored/>
  </testcase> <!-- @BeforeTest setup -->
  <testcase classname="org.hhp.testCases.BaseClass" name="@BeforeTest setup" time="0.0">
    <ignored/>
  </testcase> <!-- @BeforeTest setup -->
</testsuite> <!-- DonatePageTest -->
